c:\users\leo\documents\visual studio 2013\projects\solution\pg1_raycast_hyao4\debug\pg1_raycast_hyao4.pch
c:\users\leo\documents\visual studio 2013\projects\solution\pg1_raycast_hyao4\debug\vc120.pdb
c:\users\leo\documents\visual studio 2013\projects\solution\pg1_raycast_hyao4\debug\vc120.idb
c:\users\leo\documents\visual studio 2013\projects\solution\pg1_raycast_hyao4\debug\stdafx.obj
c:\users\leo\documents\visual studio 2013\projects\solution\pg1_raycast_hyao4\debug\localillumination.obj
c:\users\leo\documents\visual studio 2013\projects\solution\pg1_raycast_hyao4\debug\model_obj.obj
c:\users\leo\documents\visual studio 2013\projects\solution\pg1_raycast_hyao4\debug\pg1_raycast_hyao4.obj
c:\users\leo\documents\visual studio 2013\projects\solution\pg1_raycast_hyao4\debug\ray.obj
c:\users\leo\documents\visual studio 2013\projects\solution\pg1_raycast_hyao4\debug\raycasting.obj
c:\users\leo\documents\visual studio 2013\projects\solution\pg1_raycast_hyao4\debug\shadowray.obj
c:\users\leo\documents\visual studio 2013\projects\solution\pg1_raycast_hyao4\debug\space.obj
c:\users\leo\documents\visual studio 2013\projects\solution\pg1_raycast_hyao4\debug\triangle.obj
c:\users\leo\documents\visual studio 2013\projects\solution\pg1_raycast_hyao4\debug\utils.obj
c:\users\leo\documents\visual studio 2013\projects\solution\debug\pg1_raycast_hyao4.ilk
c:\users\leo\documents\visual studio 2013\projects\solution\debug\pg1_raycast_hyao4.exe
c:\users\leo\documents\visual studio 2013\projects\solution\debug\pg1_raycast_hyao4.pdb
c:\users\leo\documents\visual studio 2013\projects\solution\pg1_raycast_hyao4\debug\pg1_raycast_hyao4.res
c:\users\leo\documents\visual studio 2013\projects\solution\pg1_raycast_hyao4\debug\pg1_rayc.2a86e38b.tlog\cl.command.1.tlog
c:\users\leo\documents\visual studio 2013\projects\solution\pg1_raycast_hyao4\debug\pg1_rayc.2a86e38b.tlog\cl.read.1.tlog
c:\users\leo\documents\visual studio 2013\projects\solution\pg1_raycast_hyao4\debug\pg1_rayc.2a86e38b.tlog\cl.write.1.tlog
c:\users\leo\documents\visual studio 2013\projects\solution\pg1_raycast_hyao4\debug\pg1_rayc.2a86e38b.tlog\link.command.1.tlog
c:\users\leo\documents\visual studio 2013\projects\solution\pg1_raycast_hyao4\debug\pg1_rayc.2a86e38b.tlog\link.read.1.tlog
c:\users\leo\documents\visual studio 2013\projects\solution\pg1_raycast_hyao4\debug\pg1_rayc.2a86e38b.tlog\link.write.1.tlog
c:\users\leo\documents\visual studio 2013\projects\solution\pg1_raycast_hyao4\debug\pg1_rayc.2a86e38b.tlog\rc.command.1.tlog
c:\users\leo\documents\visual studio 2013\projects\solution\pg1_raycast_hyao4\debug\pg1_rayc.2a86e38b.tlog\rc.read.1.tlog
c:\users\leo\documents\visual studio 2013\projects\solution\pg1_raycast_hyao4\debug\pg1_rayc.2a86e38b.tlog\rc.write.1.tlog
