c:\users\leo\documents\visual studio 2013\projects\solution\pg1_raycast_hyao4\release\pg1_raycast_hyao4.pch
c:\users\leo\documents\visual studio 2013\projects\solution\pg1_raycast_hyao4\release\vc120.pdb
c:\users\leo\documents\visual studio 2013\projects\solution\pg1_raycast_hyao4\release\stdafx.obj
c:\users\leo\documents\visual studio 2013\projects\solution\pg1_raycast_hyao4\release\utils.obj
c:\users\leo\documents\visual studio 2013\projects\solution\pg1_raycast_hyao4\release\triangle.obj
c:\users\leo\documents\visual studio 2013\projects\solution\pg1_raycast_hyao4\release\space.obj
c:\users\leo\documents\visual studio 2013\projects\solution\pg1_raycast_hyao4\release\shadowray.obj
c:\users\leo\documents\visual studio 2013\projects\solution\pg1_raycast_hyao4\release\raycasting.obj
c:\users\leo\documents\visual studio 2013\projects\solution\pg1_raycast_hyao4\release\ray.obj
c:\users\leo\documents\visual studio 2013\projects\solution\pg1_raycast_hyao4\release\pg1_raycast_hyao4.obj
c:\users\leo\documents\visual studio 2013\projects\solution\pg1_raycast_hyao4\release\model_obj.obj
c:\users\leo\documents\visual studio 2013\projects\solution\pg1_raycast_hyao4\release\localillumination.obj
c:\users\leo\documents\visual studio 2013\projects\solution\release\pg1_raycast_hyao4.exe
c:\users\leo\documents\visual studio 2013\projects\solution\release\pg1_raycast_hyao4.pdb
c:\users\leo\documents\visual studio 2013\projects\solution\pg1_raycast_hyao4\release\pg1_raycast_hyao4.res
c:\users\leo\documents\visual studio 2013\projects\solution\pg1_raycast_hyao4\release\pg1_rayc.2a86e38b.tlog\cl.command.1.tlog
c:\users\leo\documents\visual studio 2013\projects\solution\pg1_raycast_hyao4\release\pg1_rayc.2a86e38b.tlog\cl.read.1.tlog
c:\users\leo\documents\visual studio 2013\projects\solution\pg1_raycast_hyao4\release\pg1_rayc.2a86e38b.tlog\cl.write.1.tlog
c:\users\leo\documents\visual studio 2013\projects\solution\pg1_raycast_hyao4\release\pg1_rayc.2a86e38b.tlog\link.command.1.tlog
c:\users\leo\documents\visual studio 2013\projects\solution\pg1_raycast_hyao4\release\pg1_rayc.2a86e38b.tlog\link.read.1.tlog
c:\users\leo\documents\visual studio 2013\projects\solution\pg1_raycast_hyao4\release\pg1_rayc.2a86e38b.tlog\link.write.1.tlog
c:\users\leo\documents\visual studio 2013\projects\solution\pg1_raycast_hyao4\release\pg1_rayc.2a86e38b.tlog\rc.command.1.tlog
c:\users\leo\documents\visual studio 2013\projects\solution\pg1_raycast_hyao4\release\pg1_rayc.2a86e38b.tlog\rc.read.1.tlog
c:\users\leo\documents\visual studio 2013\projects\solution\pg1_raycast_hyao4\release\pg1_rayc.2a86e38b.tlog\rc.write.1.tlog
